c:\users\ersifa\desktop\alfahipo\src\utils\tgadiff\release\vc120.pdb
c:\users\ersifa\desktop\alfahipo\src\utils\tgadiff\release\pointeroverride.obj
c:\users\ersifa\desktop\alfahipo\src\utils\tgadiff\tgadiff.vpc.sentinel
c:\users\ersifa\desktop\alfahipo\src\utils\tgadiff\release\tgadiff.exe
c:\users\ersifa\desktop\alfahipo\src\utils\tgadiff\release\tgadiff.pdb
c:\users\ersifa\desktop\alfahipo\src\utils\tgadiff\release\tgadiff.lib
c:\users\ersifa\desktop\alfahipo\src\utils\tgadiff\release\tgadiff.exp
c:\users\ersifa\desktop\alfahipo\src\utils\tgadiff\release\memoverride.obj
c:\users\ersifa\desktop\alfahipo\src\utils\tgadiff\release\tgadiff.obj
c:\users\ersifa\desktop\alfahipo\src\utils\tgadiff\.\release\.\tgadiff.exe
c:\users\ersifa\desktop\alfahipo\src\utils\tgadiff\release\tgadiff.tlog\cl.command.1.tlog
c:\users\ersifa\desktop\alfahipo\src\utils\tgadiff\release\tgadiff.tlog\cl.read.1.tlog
c:\users\ersifa\desktop\alfahipo\src\utils\tgadiff\release\tgadiff.tlog\cl.write.1.tlog
c:\users\ersifa\desktop\alfahipo\src\utils\tgadiff\release\tgadiff.tlog\custombuild.command.1.tlog
c:\users\ersifa\desktop\alfahipo\src\utils\tgadiff\release\tgadiff.tlog\custombuild.read.1.tlog
c:\users\ersifa\desktop\alfahipo\src\utils\tgadiff\release\tgadiff.tlog\custombuild.write.1.tlog
c:\users\ersifa\desktop\alfahipo\src\utils\tgadiff\release\tgadiff.tlog\link.command.1.tlog
c:\users\ersifa\desktop\alfahipo\src\utils\tgadiff\release\tgadiff.tlog\link.read.1.tlog
c:\users\ersifa\desktop\alfahipo\src\utils\tgadiff\release\tgadiff.tlog\link.write.1.tlog
c:\users\ersifa\desktop\alfahipo\src\utils\tgadiff\release\tgadiff.tlog\tgadiff.write.1u.tlog
