c:\users\ersifa\desktop\alfahipo\src\materialsystem\stdshaders\release_dx9_mod_alfahipo\vc120.pdb
c:\users\ersifa\desktop\alfahipo\src\materialsystem\stdshaders\release_dx9_mod_alfahipo\pointeroverride.obj
c:\users\ersifa\desktop\alfahipo\src\materialsystem\stdshaders\game_shader_dx9_alfahipo.vpc.sentinel
c:\users\ersifa\desktop\alfahipo\src\materialsystem\stdshaders\release_dx9_mod_alfahipo\game_shader_dx9.dll
c:\users\ersifa\desktop\alfahipo\src\materialsystem\stdshaders\release_dx9_mod_alfahipo\game_shader_dx9.pdb
c:\users\ersifa\desktop\alfahipo\src\materialsystem\stdshaders\release_dx9_mod_alfahipo\game_shader_dx9.lib
c:\users\ersifa\desktop\alfahipo\src\materialsystem\stdshaders\release_dx9_mod_alfahipo\game_shader_dx9.exp
c:\users\ersifa\desktop\alfahipo\src\materialsystem\stdshaders\release_dx9_mod_alfahipo\basevsshader.obj
c:\users\ersifa\desktop\alfahipo\src\materialsystem\stdshaders\release_dx9_mod_alfahipo\bloom.obj
c:\users\ersifa\desktop\alfahipo\src\materialsystem\stdshaders\release_dx9_mod_alfahipo\example_model_dx9.obj
c:\users\ersifa\desktop\alfahipo\src\materialsystem\stdshaders\release_dx9_mod_alfahipo\example_model_dx9_helper.obj
c:\users\ersifa\desktop\alfahipo\src\materialsystem\stdshaders\release_dx9_mod_alfahipo\memoverride.obj
c:\users\ersifa\desktop\alfahipo\src\materialsystem\stdshaders\release_dx9_mod_alfahipo\pbr_dx9.obj
c:\users\ersifa\desktop\alfahipo\src\materialsystem\stdshaders\release_dx9_mod_alfahipo\screenspace_general.obj
c:\users\ersifa\desktop\alfahipo\src\materialsystem\stdshaders\release_dx9_mod_alfahipo\shaders .11d100c3.tlog\cl.command.1.tlog
c:\users\ersifa\desktop\alfahipo\src\materialsystem\stdshaders\release_dx9_mod_alfahipo\shaders .11d100c3.tlog\cl.read.1.tlog
c:\users\ersifa\desktop\alfahipo\src\materialsystem\stdshaders\release_dx9_mod_alfahipo\shaders .11d100c3.tlog\cl.write.1.tlog
c:\users\ersifa\desktop\alfahipo\src\materialsystem\stdshaders\release_dx9_mod_alfahipo\shaders .11d100c3.tlog\custombuild.command.1.tlog
c:\users\ersifa\desktop\alfahipo\src\materialsystem\stdshaders\release_dx9_mod_alfahipo\shaders .11d100c3.tlog\custombuild.read.1.tlog
c:\users\ersifa\desktop\alfahipo\src\materialsystem\stdshaders\release_dx9_mod_alfahipo\shaders .11d100c3.tlog\custombuild.write.1.tlog
c:\users\ersifa\desktop\alfahipo\src\materialsystem\stdshaders\release_dx9_mod_alfahipo\shaders .11d100c3.tlog\link.command.1.tlog
c:\users\ersifa\desktop\alfahipo\src\materialsystem\stdshaders\release_dx9_mod_alfahipo\shaders .11d100c3.tlog\link.read.1.tlog
c:\users\ersifa\desktop\alfahipo\src\materialsystem\stdshaders\release_dx9_mod_alfahipo\shaders .11d100c3.tlog\link.write.1.tlog
c:\users\ersifa\desktop\alfahipo\src\materialsystem\stdshaders\release_dx9_mod_alfahipo\shaders .11d100c3.tlog\shaders (alfahipo).write.1u.tlog
