c:\users\ersifa\desktop\alfahipo\src\utils\serverplugin_sample\release\vc120.pdb
c:\users\ersifa\desktop\alfahipo\src\utils\serverplugin_sample\release\pointeroverride.obj
c:\users\ersifa\desktop\alfahipo\src\utils\serverplugin_sample\serverplugin_empty.vpc.sentinel
c:\users\ersifa\desktop\alfahipo\src\utils\serverplugin_sample\release\serverplugin_empty.dll
c:\users\ersifa\desktop\alfahipo\src\utils\serverplugin_sample\release\serverplugin_empty.pdb
c:\users\ersifa\desktop\alfahipo\src\utils\serverplugin_sample\release\serverplugin_empty.lib
c:\users\ersifa\desktop\alfahipo\src\utils\serverplugin_sample\release\serverplugin_empty.exp
c:\users\ersifa\desktop\alfahipo\src\utils\serverplugin_sample\release\memoverride.obj
c:\users\ersifa\desktop\alfahipo\src\utils\serverplugin_sample\release\serverplugin_bot.obj
c:\users\ersifa\desktop\alfahipo\src\utils\serverplugin_sample\release\serverplugin_empty.obj
c:\users\ersifa\desktop\alfahipo\src\utils\serverplugin_sample\.\release\.\serverplugin_empty.dll
c:\users\ersifa\desktop\alfahipo\src\utils\serverplugin_sample\release\serverpl.394b82b6.tlog\cl.command.1.tlog
c:\users\ersifa\desktop\alfahipo\src\utils\serverplugin_sample\release\serverpl.394b82b6.tlog\cl.read.1.tlog
c:\users\ersifa\desktop\alfahipo\src\utils\serverplugin_sample\release\serverpl.394b82b6.tlog\cl.write.1.tlog
c:\users\ersifa\desktop\alfahipo\src\utils\serverplugin_sample\release\serverpl.394b82b6.tlog\custombuild.command.1.tlog
c:\users\ersifa\desktop\alfahipo\src\utils\serverplugin_sample\release\serverpl.394b82b6.tlog\custombuild.read.1.tlog
c:\users\ersifa\desktop\alfahipo\src\utils\serverplugin_sample\release\serverpl.394b82b6.tlog\custombuild.write.1.tlog
c:\users\ersifa\desktop\alfahipo\src\utils\serverplugin_sample\release\serverpl.394b82b6.tlog\link.command.1.tlog
c:\users\ersifa\desktop\alfahipo\src\utils\serverplugin_sample\release\serverpl.394b82b6.tlog\link.read.1.tlog
c:\users\ersifa\desktop\alfahipo\src\utils\serverplugin_sample\release\serverpl.394b82b6.tlog\link.write.1.tlog
c:\users\ersifa\desktop\alfahipo\src\utils\serverplugin_sample\release\serverpl.394b82b6.tlog\serverplugin_empty.write.1u.tlog
